<?xml version="1.0" encoding="UTF-8"?>
<testsuite name="com.telR.automation.tests.tests.GroupModificationTests" tests="1" skipped="0" failures="0" errors="0" timestamp="2018-08-09T12:30:04" hostname="Lena-Toshiba" time="1.218">
  <properties/>
  <testcase name="testGroupModification" classname="com.telR.automation.tests.tests.GroupModificationTests" time="1.218"/>
  <system-out><![CDATA[]]></system-out>
  <system-err><![CDATA[]]></system-err>
</testsuite>
