<?xml version="1.0" encoding="UTF-8"?>
<testsuite name="com.telR.automation.tests.tests.ContactModificationTests" tests="1" skipped="0" failures="0" errors="0" timestamp="2018-08-09T12:30:15" hostname="Lena-Toshiba" time="4.232">
  <properties/>
  <testcase name="testContactModification" classname="com.telR.automation.tests.tests.ContactModificationTests" time="4.232"/>
  <system-out><![CDATA[]]></system-out>
  <system-err><![CDATA[]]></system-err>
</testsuite>
