<?xml version="1.0" encoding="UTF-8"?>
<testsuite name="com.telR.automation.tests.tests.ContactDeletionTests" tests="1" skipped="0" failures="0" errors="0" timestamp="2018-08-09T12:30:19" hostname="Lena-Toshiba" time="3.389">
  <properties/>
  <testcase name="deleteContact" classname="com.telR.automation.tests.tests.ContactDeletionTests" time="3.389"/>
  <system-out><![CDATA[]]></system-out>
  <system-err><![CDATA[]]></system-err>
</testsuite>
