<?xml version="1.0" encoding="UTF-8"?>
<testsuite name="com.telR.automation.tests.tests.GroupDeletionTests" tests="1" skipped="0" failures="0" errors="0" timestamp="2018-08-09T12:30:05" hostname="Lena-Toshiba" time="0.462">
  <properties/>
  <testcase name="testGroupDeletion" classname="com.telR.automation.tests.tests.GroupDeletionTests" time="0.462"/>
  <system-out><![CDATA[]]></system-out>
  <system-err><![CDATA[]]></system-err>
</testsuite>
